
Showing logs for build [32mcb-kubecd-environment-pr-212-1-f74nm-1[0m stage [32mfrom-build-pack[0m and container [32mstep-credential-initializer-l4gjs[0m
{"level":"info","ts":1588213742.6330578,"logger":"fallback-logger","caller":"logging/config.go:69","msg":"Fetch GitHub commit ID from kodata failed: open /var/run/ko/refs/heads/0.8.0-ns-support: no such file or directory"}
{"level":"info","ts":1588213742.6441023,"logger":"fallback-logger","caller":"creds-init/main.go:40","msg":"Credentials initialized."}

Showing logs for build [32mcb-kubecd-environment-pr-212-1-f74nm-1[0m stage [32mfrom-build-pack[0m and container [32mstep-working-dir-initializer-89dsf[0m
{"level":"info","ts":1588213743.4909363,"logger":"fallback-logger","caller":"logging/config.go:69","msg":"Fetch GitHub commit ID from kodata failed: open /var/run/ko/HEAD: no such file or directory"}
{"level":"info","ts":1588213743.5020573,"logger":"fallback-logger","caller":"bash/main.go:64","msg":"Successfully executed command \"sh -c mkdir -p /workspace/source\"; output "}

Showing logs for build [32mcb-kubecd-environment-pr-212-1-f74nm-1[0m stage [32mfrom-build-pack[0m and container [32mstep-place-tools[0m

Showing logs for build [32mcb-kubecd-environment-pr-212-1-f74nm-1[0m stage [32mfrom-build-pack[0m and container [32mstep-git-source-cb-kubecd-environment-pr-212-1-f74nm-mlprq[0m
{"level":"info","ts":1588213749.3298213,"logger":"fallback-logger","caller":"logging/config.go:69","msg":"Fetch GitHub commit ID from kodata failed: open /var/run/ko/refs/heads/0.8.0-ns-support: no such file or directory"}
{"level":"info","ts":1588213750.3902707,"logger":"fallback-logger","caller":"git/git.go:103","msg":"Successfully cloned https://github.com/cb-kubecd/environment-pr-212-1-boot-gke-staging.git @ master in path /workspace/source"}

Showing logs for build [32mcb-kubecd-environment-pr-212-1-f74nm-1[0m stage [32mfrom-build-pack[0m and container [32mstep-git-merge[0m
Using SHAs from PULL_REFS=master:5180927f2e43644d900bf327f5ce9c7ce2d6e654,1:1e692559570f9ca978a302bd37337f9bc5214841
DEBUG: LC_ALL=C JX_LOG_LEVEL=error git fetch origin --unshallow 1e692559570f9ca978a302bd37337f9bc5214841: 5180927f2e43644d900bf327f5ce9c7ce2d6e654:
DEBUG: ran git fetch --unshallow origin 1e692559570f9ca978a302bd37337f9bc5214841: 5180927f2e43644d900bf327f5ce9c7ce2d6e654: in 
DEBUG: LC_ALL=C JX_LOG_LEVEL=error git branch
DEBUG: JX_LOG_LEVEL=error LC_ALL=C git checkout master
DEBUG: ran git checkout master in 
DEBUG: LC_ALL=C JX_LOG_LEVEL=error git reset --hard 5180927f2e43644d900bf327f5ce9c7ce2d6e654
DEBUG: ran git reset --hard 5180927f2e43644d900bf327f5ce9c7ce2d6e654 in 
DEBUG: LC_ALL=C JX_LOG_LEVEL=error git clean -fd .
DEBUG: ran clean --force -d . in 
DEBUG: LC_ALL=C JX_LOG_LEVEL=error git merge 1e692559570f9ca978a302bd37337f9bc5214841
DEBUG: ran git merge 1e692559570f9ca978a302bd37337f9bc5214841 in 
DEBUG: LC_ALL=C JX_LOG_LEVEL=error git log --format=%H%x1f%an%x1f%ae%x1f%cn%x1f%ce%x1f%s%n%b%x1e 5180927f2e43644d900bf327f5ce9c7ce2d6e654..HEAD
Merged SHA 1e692559570f9ca978a302bd37337f9bc5214841 with commit message 'chore: Promote bdd-spring-1588213372 to version 0.0.1' into base branch master

Showing logs for build [32mcb-kubecd-environment-pr-212-1-f74nm-1[0m stage [32mfrom-build-pack[0m and container [32mstep-build-helm-build[0m
WARNING: No $CHART_REPOSITORY defined so using the default value of: http://jenkins-x-chartmuseum:8080
Adding missing Helm repo: storage.googleapis.com https://storage.googleapis.com/chartmuseum.jenkins-x.io
WARNING: No secrets found on "helm/repos" due: reading the secret "helm/repos" from vault: no secret "helm/repos" not found in vault
Read credentials for https://storage.googleapis.com/chartmuseum.jenkins-x.io from vault helm/repos
Successfully added Helm repository storage.googleapis.com.
Adding missing Helm repo: jenkins-x-chartmuseum http://jenkins-x-chartmuseum:8080
WARNING: No secrets found on "helm/repos" due: reading the secret "helm/repos" from vault: no secret "helm/repos" not found in vault
Read credentials for http://jenkins-x-chartmuseum:8080 from vault helm/repos
Successfully added Helm repository jenkins-x-chartmuseum.
WARNING: No $CHART_REPOSITORY defined so using the default value of: http://jenkins-x-chartmuseum:8080
Adding missing Helm repo: chartmuseum.jenkins-x.io http://chartmuseum.jenkins-x.io
WARNING: No secrets found on "helm/repos" due: reading the secret "helm/repos" from vault: no secret "helm/repos" not found in vault
Read credentials for http://chartmuseum.jenkins-x.io from vault helm/repos
Successfully added Helm repository chartmuseum.jenkins-x.io.
