
Showing logs for build [32mcb-kubecd-environment-pr-212-1-zxbsv-1[0m stage [32mfrom-build-pack[0m and container [32mstep-credential-initializer-7d84q[0m
{"level":"info","ts":1588217782.0426269,"logger":"fallback-logger","caller":"logging/config.go:69","msg":"Fetch GitHub commit ID from kodata failed: open /var/run/ko/refs/heads/0.8.0-ns-support: no such file or directory"}
{"level":"info","ts":1588217782.0432048,"logger":"fallback-logger","caller":"creds-init/main.go:40","msg":"Credentials initialized."}

Showing logs for build [32mcb-kubecd-environment-pr-212-1-zxbsv-1[0m stage [32mfrom-build-pack[0m and container [32mstep-working-dir-initializer-dzhmm[0m
{"level":"info","ts":1588217783.4637706,"logger":"fallback-logger","caller":"logging/config.go:69","msg":"Fetch GitHub commit ID from kodata failed: open /var/run/ko/HEAD: no such file or directory"}
{"level":"info","ts":1588217783.4654186,"logger":"fallback-logger","caller":"bash/main.go:64","msg":"Successfully executed command \"sh -c mkdir -p /workspace/source\"; output "}

Showing logs for build [32mcb-kubecd-environment-pr-212-1-zxbsv-1[0m stage [32mfrom-build-pack[0m and container [32mstep-place-tools[0m

Showing logs for build [32mcb-kubecd-environment-pr-212-1-zxbsv-1[0m stage [32mfrom-build-pack[0m and container [32mstep-git-source-cb-kubecd-environment-pr-212-1-zxbsv-fhwjn[0m
{"level":"info","ts":1588217787.728055,"logger":"fallback-logger","caller":"logging/config.go:69","msg":"Fetch GitHub commit ID from kodata failed: open /var/run/ko/refs/heads/0.8.0-ns-support: no such file or directory"}
{"level":"info","ts":1588217788.7802784,"logger":"fallback-logger","caller":"git/git.go:103","msg":"Successfully cloned https://github.com/cb-kubecd/environment-pr-212-1-boot-gke-staging.git @ master in path /workspace/source"}

Showing logs for build [32mcb-kubecd-environment-pr-212-1-zxbsv-1[0m stage [32mfrom-build-pack[0m and container [32mstep-git-merge[0m
Using SHAs from PULL_REFS=master:88c0ecee9f34611eb84a31388e0767a80e3eca28,6:03cbb45839d66b7b94216e1d3b7c57cec5b469a6
DEBUG: LC_ALL=C JX_LOG_LEVEL=error git fetch origin --unshallow 03cbb45839d66b7b94216e1d3b7c57cec5b469a6: 88c0ecee9f34611eb84a31388e0767a80e3eca28:
DEBUG: ran git fetch --unshallow origin 03cbb45839d66b7b94216e1d3b7c57cec5b469a6: 88c0ecee9f34611eb84a31388e0767a80e3eca28: in 
DEBUG: LC_ALL=C JX_LOG_LEVEL=error git branch
DEBUG: LC_ALL=C JX_LOG_LEVEL=error git checkout master
DEBUG: ran git checkout master in 
DEBUG: LC_ALL=C JX_LOG_LEVEL=error git reset --hard 88c0ecee9f34611eb84a31388e0767a80e3eca28
DEBUG: ran git reset --hard 88c0ecee9f34611eb84a31388e0767a80e3eca28 in 
DEBUG: LC_ALL=C JX_LOG_LEVEL=error git clean -fd .
DEBUG: ran clean --force -d . in 
DEBUG: LC_ALL=C JX_LOG_LEVEL=error git merge 03cbb45839d66b7b94216e1d3b7c57cec5b469a6
DEBUG: ran git merge 03cbb45839d66b7b94216e1d3b7c57cec5b469a6 in 
DEBUG: LC_ALL=C JX_LOG_LEVEL=error git log --format=%H%x1f%an%x1f%ae%x1f%cn%x1f%ce%x1f%s%n%b%x1e 88c0ecee9f34611eb84a31388e0767a80e3eca28..HEAD
Merged SHA 03cbb45839d66b7b94216e1d3b7c57cec5b469a6 with commit message 'chore: Promote bdd-sbrp-import-1588216861 to version 0.0.1' into base branch master

Showing logs for build [32mcb-kubecd-environment-pr-212-1-zxbsv-1[0m stage [32mfrom-build-pack[0m and container [32mstep-build-helm-build[0m
WARNING: No $CHART_REPOSITORY defined so using the default value of: http://jenkins-x-chartmuseum:8080
Adding missing Helm repo: storage.googleapis.com https://storage.googleapis.com/chartmuseum.jenkins-x.io
WARNING: No secrets found on "helm/repos" due: reading the secret "helm/repos" from vault: no secret "helm/repos" not found in vault
Read credentials for https://storage.googleapis.com/chartmuseum.jenkins-x.io from vault helm/repos
Successfully added Helm repository storage.googleapis.com.
Adding missing Helm repo: jenkins-x-chartmuseum http://jenkins-x-chartmuseum:8080
WARNING: No secrets found on "helm/repos" due: reading the secret "helm/repos" from vault: no secret "helm/repos" not found in vault
Read credentials for http://jenkins-x-chartmuseum:8080 from vault helm/repos
Successfully added Helm repository jenkins-x-chartmuseum.
WARNING: No $CHART_REPOSITORY defined so using the default value of: http://jenkins-x-chartmuseum:8080
Adding missing Helm repo: chartmuseum.jenkins-x.io http://chartmuseum.jenkins-x.io
WARNING: No secrets found on "helm/repos" due: reading the secret "helm/repos" from vault: no secret "helm/repos" not found in vault
Read credentials for http://chartmuseum.jenkins-x.io from vault helm/repos
Successfully added Helm repository chartmuseum.jenkins-x.io.
