
Showing logs for build [32mcb-kubecd-environment-pr-212-1-bxsxj-1[0m stage [32mfrom-build-pack[0m and container [32mstep-credential-initializer-kj8sq[0m
{"level":"info","ts":1588218105.1813924,"logger":"fallback-logger","caller":"logging/config.go:69","msg":"Fetch GitHub commit ID from kodata failed: open /var/run/ko/refs/heads/0.8.0-ns-support: no such file or directory"}
{"level":"info","ts":1588218105.18193,"logger":"fallback-logger","caller":"creds-init/main.go:40","msg":"Credentials initialized."}

Showing logs for build [32mcb-kubecd-environment-pr-212-1-bxsxj-1[0m stage [32mfrom-build-pack[0m and container [32mstep-working-dir-initializer-gczfp[0m
{"level":"info","ts":1588218106.5928597,"logger":"fallback-logger","caller":"logging/config.go:69","msg":"Fetch GitHub commit ID from kodata failed: open /var/run/ko/HEAD: no such file or directory"}
{"level":"info","ts":1588218106.5946825,"logger":"fallback-logger","caller":"bash/main.go:64","msg":"Successfully executed command \"sh -c mkdir -p /workspace/source\"; output "}

Showing logs for build [32mcb-kubecd-environment-pr-212-1-bxsxj-1[0m stage [32mfrom-build-pack[0m and container [32mstep-place-tools[0m

Showing logs for build [32mcb-kubecd-environment-pr-212-1-bxsxj-1[0m stage [32mfrom-build-pack[0m and container [32mstep-git-source-cb-kubecd-environment-pr-212-1-bxsxj-55tff[0m
{"level":"info","ts":1588218111.8598354,"logger":"fallback-logger","caller":"logging/config.go:69","msg":"Fetch GitHub commit ID from kodata failed: open /var/run/ko/refs/heads/0.8.0-ns-support: no such file or directory"}
{"level":"info","ts":1588218112.974896,"logger":"fallback-logger","caller":"git/git.go:103","msg":"Successfully cloned https://github.com/cb-kubecd/environment-pr-212-1-boot-gke-staging.git @ master in path /workspace/source"}

Showing logs for build [32mcb-kubecd-environment-pr-212-1-bxsxj-1[0m stage [32mfrom-build-pack[0m and container [32mstep-git-merge[0m
Using SHAs from PULL_REFS=master:cd4ea7444f873ef62e58a55b346653aefdd3c57b,7:0857630594caed4495989c8390d4c00f9eab59b4
DEBUG: LC_ALL=C JX_LOG_LEVEL=error git fetch origin --unshallow 0857630594caed4495989c8390d4c00f9eab59b4: cd4ea7444f873ef62e58a55b346653aefdd3c57b:
DEBUG: ran git fetch --unshallow origin 0857630594caed4495989c8390d4c00f9eab59b4: cd4ea7444f873ef62e58a55b346653aefdd3c57b: in 
DEBUG: LC_ALL=C JX_LOG_LEVEL=error git branch
DEBUG: JX_LOG_LEVEL=error LC_ALL=C git checkout master
DEBUG: ran git checkout master in 
DEBUG: LC_ALL=C JX_LOG_LEVEL=error git reset --hard cd4ea7444f873ef62e58a55b346653aefdd3c57b
DEBUG: ran git reset --hard cd4ea7444f873ef62e58a55b346653aefdd3c57b in 
DEBUG: LC_ALL=C JX_LOG_LEVEL=error git clean -fd .
DEBUG: ran clean --force -d . in 
DEBUG: LC_ALL=C JX_LOG_LEVEL=error git merge 0857630594caed4495989c8390d4c00f9eab59b4
DEBUG: ran git merge 0857630594caed4495989c8390d4c00f9eab59b4 in 
DEBUG: LC_ALL=C JX_LOG_LEVEL=error git log --format=%H%x1f%an%x1f%ae%x1f%cn%x1f%ce%x1f%s%n%b%x1e cd4ea7444f873ef62e58a55b346653aefdd3c57b..HEAD
Merged SHA 0857630594caed4495989c8390d4c00f9eab59b4 with commit message 'chore: Promote bdd-nh-import-1588216861 to version 0.0.1' into base branch master

Showing logs for build [32mcb-kubecd-environment-pr-212-1-bxsxj-1[0m stage [32mfrom-build-pack[0m and container [32mstep-build-helm-build[0m
WARNING: No $CHART_REPOSITORY defined so using the default value of: http://jenkins-x-chartmuseum:8080
Adding missing Helm repo: storage.googleapis.com https://storage.googleapis.com/chartmuseum.jenkins-x.io
WARNING: No secrets found on "helm/repos" due: reading the secret "helm/repos" from vault: no secret "helm/repos" not found in vault
Read credentials for https://storage.googleapis.com/chartmuseum.jenkins-x.io from vault helm/repos
Successfully added Helm repository storage.googleapis.com.
Adding missing Helm repo: jenkins-x-chartmuseum http://jenkins-x-chartmuseum:8080
WARNING: No secrets found on "helm/repos" due: reading the secret "helm/repos" from vault: no secret "helm/repos" not found in vault
Read credentials for http://jenkins-x-chartmuseum:8080 from vault helm/repos
Successfully added Helm repository jenkins-x-chartmuseum.
WARNING: No $CHART_REPOSITORY defined so using the default value of: http://jenkins-x-chartmuseum:8080
Adding missing Helm repo: chartmuseum.jenkins-x.io http://chartmuseum.jenkins-x.io
WARNING: No secrets found on "helm/repos" due: reading the secret "helm/repos" from vault: no secret "helm/repos" not found in vault
Read credentials for http://chartmuseum.jenkins-x.io from vault helm/repos
Successfully added Helm repository chartmuseum.jenkins-x.io.
